<?xml version="1.0" encoding="UTF-8"?>
<!-- Generated by org.testng.reporters.JUnitXMLReporter -->
<testsuite ignored="0" hostname="Ronaks-MacBook-Pro.local" failures="0" tests="4" name="Default test" time="54.376" errors="0" timestamp="2023-03-13T00:09:26 PDT">
  <testcase classname="com.crm.qa.Testcases.ContactPageTest" name="CreateNewContact" time="5.64"/>
  <testcase classname="com.crm.qa.Testcases.ContactPageTest" name="CreateNewContact" time="5.528"/>
  <testcase classname="com.crm.qa.Testcases.ContactPageTest" name="CreateNewContact" time="5.618"/>
  <testcase classname="com.crm.qa.Testcases.ContactPageTest" name="CreateNewContact" time="5.464"/>
</testsuite> <!-- Default test -->
