<?xml version="1.0" encoding="UTF-8"?>
<!-- Generated by org.testng.reporters.JUnitXMLReporter -->
<testsuite ignored="0" hostname="Ronaks-MacBook-Pro.local" failures="0" tests="9" name="Test" time="102.139" errors="0" timestamp="2023-04-07T08:03:39 PDT">
  <testcase classname="com.crm.qa.Testcases.LoginPageTest" name="validatetitletest" time="3.111"/>
  <testcase classname="com.crm.qa.Testcases.LoginPageTest" name="validateLogoTest" time="3.21"/>
  <testcase classname="com.crm.qa.Testcases.LoginPageTest" name="loginTest" time="6.211"/>
  <testcase classname="com.crm.qa.Testcases.HomePageTest" name="label" time="0.068"/>
  <testcase classname="com.crm.qa.Testcases.HomePageTest" name="newcontact" time="5.061"/>
  <testcase classname="com.crm.qa.Testcases.ContactPageTest" name="CreateNewContact" time="5.901"/>
  <testcase classname="com.crm.qa.Testcases.ContactPageTest" name="CreateNewContact" time="5.843"/>
  <testcase classname="com.crm.qa.Testcases.ContactPageTest" name="CreateNewContact" time="5.94"/>
  <testcase classname="com.crm.qa.Testcases.ContactPageTest" name="CreateNewContact" time="5.934"/>
</testsuite> <!-- Test -->
