<?xml version="1.0" encoding="UTF-8"?>
<!-- Generated by org.testng.reporters.JUnitXMLReporter -->
<testsuite ignored="0" hostname="Ronaks-MacBook-Pro.local" failures="0" tests="9" name="Command line test" time="96.513" errors="0" timestamp="03 Mar 2023 23:06:41 GMT">
  <testcase classname="com.crm.qa.Testcases.HomePageTest" name="label" time="0.084"/>
  <testcase classname="com.crm.qa.Testcases.HomePageTest" name="newcontact" time="4.117"/>
  <testcase classname="com.crm.qa.Testcases.LoginPageTest" name="validatetitletest" time="3.012"/>
  <testcase classname="com.crm.qa.Testcases.ContactPageTest" name="CreateNewContact" time="5.552"/>
  <testcase classname="com.crm.qa.Testcases.ContactPageTest" name="CreateNewContact" time="5.465"/>
  <testcase classname="com.crm.qa.Testcases.ContactPageTest" name="CreateNewContact" time="5.441"/>
  <testcase classname="com.crm.qa.Testcases.ContactPageTest" name="CreateNewContact" time="5.567"/>
  <testcase classname="com.crm.qa.Testcases.LoginPageTest" name="validateLogoTest" time="3.124"/>
  <testcase classname="com.crm.qa.Testcases.LoginPageTest" name="loginTest" time="5.39"/>
</testsuite> <!-- Command line test -->
