<?xml version="1.0" encoding="UTF-8"?>
<!-- Generated by org.testng.reporters.JUnitXMLReporter -->
<testsuite ignored="0" hostname="Ronaks-MacBook-Pro.local" failures="0" tests="3" name="FreeCrm Automation Test" time="25.733" errors="0" timestamp="2023-01-23T16:09:54 PST">
  <testcase classname="com.crm.qa.Testcases.LoginPageTest" name="validatetitletest" time="3.032"/>
  <testcase classname="com.crm.qa.Testcases.LoginPageTest" name="validateLogoTest" time="3.12"/>
  <testcase classname="com.crm.qa.Testcases.LoginPageTest" name="loginTest" time="6.675"/>
</testsuite> <!-- FreeCrm Automation Test -->
