<?xml version="1.0" encoding="UTF-8"?>
<testsuite xmlns:xsi="http://www.w3.org/2001/XMLSchema-instance" xsi:noNamespaceSchemaLocation="https://maven.apache.org/surefire/maven-surefire-plugin/xsd/surefire-test-report.xsd" name="TestSuite" time="151.313" tests="11" errors="0" skipped="9" failures="2">
  <properties>
[...]
</properties>
  <testcase name="setUp" classname="com.crm.qa.Testcases.HomePageTest" time="75.958">
    <failure message="Could not start a new session. Possible causes are invalid address of the remote server or browser start-up failure.&#10;Build info: version: &apos;3.5.3&apos;, revision: &apos;a88d25fe6b&apos;, time: &apos;2017-08-29T12:42:44.417Z&apos;&#10;System info: host: &apos;Ronaks-MacBook-Pro.local&apos;, ip: &apos;fe80:0:0:0:1060:3a27:285f:c2b0%en0&apos;, os.name: &apos;Mac OS X&apos;, os.arch: &apos;x86_64&apos;, os.version: &apos;12.6.3&apos;, java.version: &apos;17.0.4.1&apos;&#10;Driver info: driver.version: RemoteWebDriver" type="org.openqa.selenium.remote.UnreachableBrowserException">org.openqa.selenium.remote.UnreachableBrowserException: 
Could not start a new session. Possible causes are invalid address of the remote server or browser start-up failure.
Build info: version: '3.5.3', revision: 'a88d25fe6b', time: '2017-08-29T12:42:44.417Z'
System info: host: 'Ronaks-MacBook-Pro.local', ip: 'fe80:0:0:0:1060:3a27:285f:c2b0%en0', os.name: 'Mac OS X', os.arch: 'x86_64', os.version: '12.6.3', java.version: '17.0.4.1'
Driver info: driver.version: RemoteWebDriver
	at com.crm.qa.Testcases.HomePageTest.setUp(HomePageTest.java:29)
Caused by: org.apache.http.conn.HttpHostConnectException: Connect to ec2-54-164-215-226.compute-1.amazonaws.com:4444 [ec2-54-164-215-226.compute-1.amazonaws.com/54.164.215.226] failed: Operation timed out
	at com.crm.qa.Testcases.HomePageTest.setUp(HomePageTest.java:29)
Caused by: java.net.ConnectException: Operation timed out
	at com.crm.qa.Testcases.HomePageTest.setUp(HomePageTest.java:29)
</failure>
    <system-err><![CDATA[SLF4J: Failed to load class "org.slf4j.impl.StaticLoggerBinder".
SLF4J: Defaulting to no-operation (NOP) logger implementation
SLF4J: See http://www.slf4j.org/codes.html#StaticLoggerBinder for further details.
]]></system-err>
  </testcase>
  <testcase name="setUp" classname="com.crm.qa.Testcases.HomePageTest" time="0">
    <skipped/>
  </testcase>
  <testcase name="label" classname="com.crm.qa.Testcases.HomePageTest" time="0">
    <skipped message="Could not start a new session. Possible causes are invalid address of the remote server or browser start-up failure.&#10;Build info: version: &apos;3.5.3&apos;, revision: &apos;a88d25fe6b&apos;, time: &apos;2017-08-29T12:42:44.417Z&apos;&#10;System info: host: &apos;Ronaks-MacBook-Pro.local&apos;, ip: &apos;fe80:0:0:0:1060:3a27:285f:c2b0%en0&apos;, os.name: &apos;Mac OS X&apos;, os.arch: &apos;x86_64&apos;, os.version: &apos;12.6.3&apos;, java.version: &apos;17.0.4.1&apos;&#10;Driver info: driver.version: RemoteWebDriver"/>
  </testcase>
  <testcase name="newcontact" classname="com.crm.qa.Testcases.HomePageTest" time="0">
    <skipped message="Could not start a new session. Possible causes are invalid address of the remote server or browser start-up failure.&#10;Build info: version: &apos;3.5.3&apos;, revision: &apos;a88d25fe6b&apos;, time: &apos;2017-08-29T12:42:44.417Z&apos;&#10;System info: host: &apos;Ronaks-MacBook-Pro.local&apos;, ip: &apos;fe80:0:0:0:1060:3a27:285f:c2b0%en0&apos;, os.name: &apos;Mac OS X&apos;, os.arch: &apos;x86_64&apos;, os.version: &apos;12.6.3&apos;, java.version: &apos;17.0.4.1&apos;&#10;Driver info: driver.version: RemoteWebDriver"/>
  </testcase>
  <testcase name="setup" classname="com.crm.qa.Testcases.LoginPageTest" time="150.969">
    <failure message="Could not start a new session. Possible causes are invalid address of the remote server or browser start-up failure.&#10;Build info: version: &apos;3.5.3&apos;, revision: &apos;a88d25fe6b&apos;, time: &apos;2017-08-29T12:42:44.417Z&apos;&#10;System info: host: &apos;Ronaks-MacBook-Pro.local&apos;, ip: &apos;fe80:0:0:0:1060:3a27:285f:c2b0%en0&apos;, os.name: &apos;Mac OS X&apos;, os.arch: &apos;x86_64&apos;, os.version: &apos;12.6.3&apos;, java.version: &apos;17.0.4.1&apos;&#10;Driver info: driver.version: RemoteWebDriver" type="org.openqa.selenium.remote.UnreachableBrowserException">org.openqa.selenium.remote.UnreachableBrowserException: 
Could not start a new session. Possible causes are invalid address of the remote server or browser start-up failure.
Build info: version: '3.5.3', revision: 'a88d25fe6b', time: '2017-08-29T12:42:44.417Z'
System info: host: 'Ronaks-MacBook-Pro.local', ip: 'fe80:0:0:0:1060:3a27:285f:c2b0%en0', os.name: 'Mac OS X', os.arch: 'x86_64', os.version: '12.6.3', java.version: '17.0.4.1'
Driver info: driver.version: RemoteWebDriver
	at com.crm.qa.Testcases.LoginPageTest.setup(LoginPageTest.java:25)
Caused by: org.apache.http.conn.HttpHostConnectException: Connect to ec2-54-164-215-226.compute-1.amazonaws.com:4444 [ec2-54-164-215-226.compute-1.amazonaws.com/54.164.215.226] failed: Operation timed out
	at com.crm.qa.Testcases.LoginPageTest.setup(LoginPageTest.java:25)
Caused by: java.net.ConnectException: Operation timed out
	at com.crm.qa.Testcases.LoginPageTest.setup(LoginPageTest.java:25)
</failure>
  </testcase>
  <testcase name="setup" classname="com.crm.qa.Testcases.LoginPageTest" time="0">
    <skipped/>
  </testcase>
  <testcase name="setup" classname="com.crm.qa.Testcases.LoginPageTest" time="0">
    <skipped/>
  </testcase>
  <testcase name="validatetitletest" classname="com.crm.qa.Testcases.LoginPageTest" time="0">
    <skipped message="Could not start a new session. Possible causes are invalid address of the remote server or browser start-up failure.&#10;Build info: version: &apos;3.5.3&apos;, revision: &apos;a88d25fe6b&apos;, time: &apos;2017-08-29T12:42:44.417Z&apos;&#10;System info: host: &apos;Ronaks-MacBook-Pro.local&apos;, ip: &apos;fe80:0:0:0:1060:3a27:285f:c2b0%en0&apos;, os.name: &apos;Mac OS X&apos;, os.arch: &apos;x86_64&apos;, os.version: &apos;12.6.3&apos;, java.version: &apos;17.0.4.1&apos;&#10;Driver info: driver.version: RemoteWebDriver"/>
  </testcase>
  <testcase name="CreateNewContact" classname="com.crm.qa.Testcases.ContactPageTest" time="0">
    <skipped message="java.lang.NoClassDefFoundError: com/crm/qa/util/TestUtil"/>
    <system-err><![CDATA[[Utils] [ERROR] [Error] java.lang.NoClassDefFoundError: com/crm/qa/util/TestUtil
	at com.crm.qa.Testcases.ContactPageTest.NewContactdata(ContactPageTest.java:40)
	at java.base/jdk.internal.reflect.NativeMethodAccessorImpl.invoke0(Native Method)
	at java.base/jdk.internal.reflect.NativeMethodAccessorImpl.invoke(NativeMethodAccessorImpl.java:77)
	at java.base/jdk.internal.reflect.DelegatingMethodAccessorImpl.invoke(DelegatingMethodAccessorImpl.java:43)
	at java.base/java.lang.reflect.Method.invoke(Method.java:568)
	at org.testng.internal.MethodInvocationHelper.invokeMethod(MethodInvocationHelper.java:108)
	at org.testng.internal.MethodInvocationHelper.invokeMethod(MethodInvocationHelper.java:55)
	at org.testng.internal.MethodInvocationHelper.invokeMethodNoCheckedException(MethodInvocationHelper.java:45)
	at org.testng.internal.MethodInvocationHelper.invokeDataProvider(MethodInvocationHelper.java:115)
	at org.testng.internal.Parameters.handleParameters(Parameters.java:509)
	at org.testng.internal.Invoker.handleParameters(Invoker.java:1308)
	at org.testng.internal.Invoker.createParameters(Invoker.java:1036)
	at org.testng.internal.Invoker.invokeTestMethods(Invoker.java:1126)
	at org.testng.internal.TestMethodWorker.invokeTestMethods(TestMethodWorker.java:126)
	at org.testng.internal.TestMethodWorker.run(TestMethodWorker.java:109)
	at org.testng.TestRunner.privateRun(TestRunner.java:744)
	at org.testng.TestRunner.run(TestRunner.java:602)
	at org.testng.SuiteRunner.runTest(SuiteRunner.java:380)
	at org.testng.SuiteRunner.runSequentially(SuiteRunner.java:375)
	at org.testng.SuiteRunner.privateRun(SuiteRunner.java:340)
	at org.testng.SuiteRunner.run(SuiteRunner.java:289)
	at org.testng.SuiteRunnerWorker.runSuite(SuiteRunnerWorker.java:52)
	at org.testng.SuiteRunnerWorker.run(SuiteRunnerWorker.java:86)
	at org.testng.TestNG.runSuitesSequentially(TestNG.java:1301)
	at org.testng.TestNG.runSuitesLocally(TestNG.java:1226)
	at org.testng.TestNG.runSuites(TestNG.java:1144)
	at org.testng.TestNG.run(TestNG.java:1115)
	at org.apache.maven.surefire.testng.TestNGExecutor.run(TestNGExecutor.java:135)
	at org.apache.maven.surefire.testng.TestNGDirectoryTestSuite.executeMulti(TestNGDirectoryTestSuite.java:193)
	at org.apache.maven.surefire.testng.TestNGDirectoryTestSuite.execute(TestNGDirectoryTestSuite.java:94)
	at org.apache.maven.surefire.testng.TestNGProvider.invoke(TestNGProvider.java:146)
	at org.apache.maven.surefire.booter.ForkedBooter.invokeProviderInSameClassLoader(ForkedBooter.java:384)
	at org.apache.maven.surefire.booter.ForkedBooter.runSuitesInProcess(ForkedBooter.java:345)
	at org.apache.maven.surefire.booter.ForkedBooter.execute(ForkedBooter.java:126)
	at org.apache.maven.surefire.booter.ForkedBooter.main(ForkedBooter.java:418)
Caused by: java.lang.ClassNotFoundException: com.crm.qa.util.TestUtil
	at java.base/jdk.internal.loader.BuiltinClassLoader.loadClass(BuiltinClassLoader.java:641)
	at java.base/jdk.internal.loader.ClassLoaders$AppClassLoader.loadClass(ClassLoaders.java:188)
	at java.base/java.lang.ClassLoader.loadClass(ClassLoader.java:520)
	... 35 more

]]></system-err>
  </testcase>
  <testcase name="validateLogoTest" classname="com.crm.qa.Testcases.LoginPageTest" time="0">
    <skipped message="Could not start a new session. Possible causes are invalid address of the remote server or browser start-up failure.&#10;Build info: version: &apos;3.5.3&apos;, revision: &apos;a88d25fe6b&apos;, time: &apos;2017-08-29T12:42:44.417Z&apos;&#10;System info: host: &apos;Ronaks-MacBook-Pro.local&apos;, ip: &apos;fe80:0:0:0:1060:3a27:285f:c2b0%en0&apos;, os.name: &apos;Mac OS X&apos;, os.arch: &apos;x86_64&apos;, os.version: &apos;12.6.3&apos;, java.version: &apos;17.0.4.1&apos;&#10;Driver info: driver.version: RemoteWebDriver"/>
  </testcase>
  <testcase name="loginTest" classname="com.crm.qa.Testcases.LoginPageTest" time="0">
    <skipped message="Could not start a new session. Possible causes are invalid address of the remote server or browser start-up failure.&#10;Build info: version: &apos;3.5.3&apos;, revision: &apos;a88d25fe6b&apos;, time: &apos;2017-08-29T12:42:44.417Z&apos;&#10;System info: host: &apos;Ronaks-MacBook-Pro.local&apos;, ip: &apos;fe80:0:0:0:1060:3a27:285f:c2b0%en0&apos;, os.name: &apos;Mac OS X&apos;, os.arch: &apos;x86_64&apos;, os.version: &apos;12.6.3&apos;, java.version: &apos;17.0.4.1&apos;&#10;Driver info: driver.version: RemoteWebDriver"/>
  </testcase>
</testsuite>