<?xml version="1.0" encoding="UTF-8"?>
<testng-results ignored="0" total="4" passed="4" failed="0" skipped="0">
  <reporter-output>
  </reporter-output>
  <suite started-at="2023-03-13T00:08:32 PDT" name="Default suite" finished-at="2023-03-13T00:09:26 PDT" duration-ms="54376">
    <groups>
    </groups>
    <test started-at="2023-03-13T00:08:32 PDT" name="Default test" finished-at="2023-03-13T00:09:26 PDT" duration-ms="54376">
      <class name="com.crm.qa.Testcases.ContactPageTest">
        <test-method is-config="true" signature="SetUp()[pri:0, instance:com.crm.qa.Testcases.ContactPageTest@231f98ef]" started-at="2023-03-13T00:08:33 PDT" name="SetUp" finished-at="2023-03-13T00:08:42 PDT" duration-ms="8899" status="PASS">
          <reporter-output>
          </reporter-output>
        </test-method> <!-- SetUp -->
        <test-method signature="CreateNewContact(java.lang.String,java.lang.String,java.lang.String)[pri:2, instance:com.crm.qa.Testcases.ContactPageTest@231f98ef]" started-at="2023-03-13T00:08:42 PDT" name="CreateNewContact" data-provider="data" finished-at="2023-03-13T00:08:48 PDT" duration-ms="5640" status="PASS">
          <params>
            <param index="0">
              <value>
                <![CDATA[Rohan]]>
              </value>
            </param>
            <param index="1">
              <value>
                <![CDATA[Bhist]]>
              </value>
            </param>
            <param index="2">
              <value>
                <![CDATA[rohan2@gmail.com]]>
              </value>
            </param>
          </params>
          <reporter-output>
          </reporter-output>
        </test-method> <!-- CreateNewContact -->
        <test-method is-config="true" signature="CleanUp()[pri:0, instance:com.crm.qa.Testcases.ContactPageTest@231f98ef]" started-at="2023-03-13T00:08:48 PDT" name="CleanUp" finished-at="2023-03-13T00:08:48 PDT" duration-ms="214" status="PASS">
          <reporter-output>
          </reporter-output>
        </test-method> <!-- CleanUp -->
        <test-method is-config="true" signature="SetUp()[pri:0, instance:com.crm.qa.Testcases.ContactPageTest@231f98ef]" started-at="2023-03-13T00:08:48 PDT" name="SetUp" finished-at="2023-03-13T00:08:55 PDT" duration-ms="7082" status="PASS">
          <reporter-output>
          </reporter-output>
        </test-method> <!-- SetUp -->
        <test-method signature="CreateNewContact(java.lang.String,java.lang.String,java.lang.String)[pri:2, instance:com.crm.qa.Testcases.ContactPageTest@231f98ef]" started-at="2023-03-13T00:08:55 PDT" name="CreateNewContact" data-provider="data" finished-at="2023-03-13T00:09:01 PDT" duration-ms="5528" status="PASS">
          <params>
            <param index="0">
              <value>
                <![CDATA[Shweta]]>
              </value>
            </param>
            <param index="1">
              <value>
                <![CDATA[singh]]>
              </value>
            </param>
            <param index="2">
              <value>
                <![CDATA[shsingh@gmail.com]]>
              </value>
            </param>
          </params>
          <reporter-output>
          </reporter-output>
        </test-method> <!-- CreateNewContact -->
        <test-method is-config="true" signature="CleanUp()[pri:0, instance:com.crm.qa.Testcases.ContactPageTest@231f98ef]" started-at="2023-03-13T00:09:01 PDT" name="CleanUp" finished-at="2023-03-13T00:09:01 PDT" duration-ms="202" status="PASS">
          <reporter-output>
          </reporter-output>
        </test-method> <!-- CleanUp -->
        <test-method is-config="true" signature="SetUp()[pri:0, instance:com.crm.qa.Testcases.ContactPageTest@231f98ef]" started-at="2023-03-13T00:09:01 PDT" name="SetUp" finished-at="2023-03-13T00:09:08 PDT" duration-ms="7023" status="PASS">
          <reporter-output>
          </reporter-output>
        </test-method> <!-- SetUp -->
        <test-method signature="CreateNewContact(java.lang.String,java.lang.String,java.lang.String)[pri:2, instance:com.crm.qa.Testcases.ContactPageTest@231f98ef]" started-at="2023-03-13T00:09:08 PDT" name="CreateNewContact" data-provider="data" finished-at="2023-03-13T00:09:13 PDT" duration-ms="5618" status="PASS">
          <params>
            <param index="0">
              <value>
                <![CDATA[Himanshi]]>
              </value>
            </param>
            <param index="1">
              <value>
                <![CDATA[Batra]]>
              </value>
            </param>
            <param index="2">
              <value>
                <![CDATA[himanshib@gmail.com]]>
              </value>
            </param>
          </params>
          <reporter-output>
          </reporter-output>
        </test-method> <!-- CreateNewContact -->
        <test-method is-config="true" signature="CleanUp()[pri:0, instance:com.crm.qa.Testcases.ContactPageTest@231f98ef]" started-at="2023-03-13T00:09:13 PDT" name="CleanUp" finished-at="2023-03-13T00:09:14 PDT" duration-ms="230" status="PASS">
          <reporter-output>
          </reporter-output>
        </test-method> <!-- CleanUp -->
        <test-method is-config="true" signature="SetUp()[pri:0, instance:com.crm.qa.Testcases.ContactPageTest@231f98ef]" started-at="2023-03-13T00:09:14 PDT" name="SetUp" finished-at="2023-03-13T00:09:21 PDT" duration-ms="7026" status="PASS">
          <reporter-output>
          </reporter-output>
        </test-method> <!-- SetUp -->
        <test-method signature="CreateNewContact(java.lang.String,java.lang.String,java.lang.String)[pri:2, instance:com.crm.qa.Testcases.ContactPageTest@231f98ef]" started-at="2023-03-13T00:09:21 PDT" name="CreateNewContact" data-provider="data" finished-at="2023-03-13T00:09:26 PDT" duration-ms="5464" status="PASS">
          <params>
            <param index="0">
              <value>
                <![CDATA[Kavita]]>
              </value>
            </param>
            <param index="1">
              <value>
                <![CDATA[Kaushik]]>
              </value>
            </param>
            <param index="2">
              <value>
                <![CDATA[kkaushik@gmail.com]]>
              </value>
            </param>
          </params>
          <reporter-output>
          </reporter-output>
        </test-method> <!-- CreateNewContact -->
        <test-method is-config="true" signature="CleanUp()[pri:0, instance:com.crm.qa.Testcases.ContactPageTest@231f98ef]" started-at="2023-03-13T00:09:26 PDT" name="CleanUp" finished-at="2023-03-13T00:09:26 PDT" duration-ms="205" status="PASS">
          <reporter-output>
          </reporter-output>
        </test-method> <!-- CleanUp -->
      </class> <!-- com.crm.qa.Testcases.ContactPageTest -->
    </test> <!-- Default test -->
  </suite> <!-- Default suite -->
</testng-results>
